<?xml version="1.0" encoding="UTF-8"?>
<!-- Generated by org.testng.reporters.JUnitReportReporter -->
<testsuite hostname="DESKTOP-VO7F81V" failures="0" tests="1" name="com.undostres.tests.NewTest" time="10.462" errors="0" timestamp="25 Apr 2022 05:01:18 GMT">
  <testcase classname="com.undostres.tests.NewTest" name="selectNumberAndRecharge" time="10.462"/>
</testsuite> <!-- com.undostres.tests.NewTest -->
